{"/Users/redietaberegesesse/dev/courses/school/JS-Library/str-prob/src/index.js": {"path":"/Users/redietaberegesesse/dev/courses/school/JS-Library/str-prob/src/index.js","statementMap":{"0":{"start":{"line":4,"column":17},"end":{"line":4,"column":59}},"1":{"start":{"line":5,"column":2},"end":{"line":5,"column":15}},"2":{"start":{"line":8,"column":0},"end":{"line":10,"column":1}},"3":{"start":{"line":9,"column":2},"end":{"line":9,"column":30}},"4":{"start":{"line":12,"column":0},"end":{"line":12,"column":37}},"5":{"start":{"line":13,"column":0},"end":{"line":13,"column":44}},"6":{"start":{"line":16,"column":2},"end":{"line":16,"column":26}},"7":{"start":{"line":19,"column":0},"end":{"line":21,"column":1}},"8":{"start":{"line":20,"column":2},"end":{"line":20,"column":22}},"9":{"start":{"line":23,"column":0},"end":{"line":23,"column":29}},"10":{"start":{"line":24,"column":0},"end":{"line":24,"column":36}},"11":{"start":{"line":28,"column":18},"end":{"line":28,"column":32}},"12":{"start":{"line":29,"column":15},"end":{"line":29,"column":17}},"13":{"start":{"line":30,"column":2},"end":{"line":32,"column":3}},"14":{"start":{"line":30,"column":13},"end":{"line":30,"column":14}},"15":{"start":{"line":31,"column":4},"end":{"line":31,"column":47}},"16":{"start":{"line":33,"column":2},"end":{"line":33,"column":22}},"17":{"start":{"line":37,"column":0},"end":{"line":39,"column":1}},"18":{"start":{"line":38,"column":2},"end":{"line":38,"column":30}},"19":{"start":{"line":42,"column":0},"end":{"line":42,"column":54}},"20":{"start":{"line":43,"column":0},"end":{"line":43,"column":69}},"21":{"start":{"line":47,"column":15},"end":{"line":47,"column":89}},"22":{"start":{"line":48,"column":18},"end":{"line":48,"column":32}},"23":{"start":{"line":49,"column":15},"end":{"line":49,"column":17}},"24":{"start":{"line":51,"column":2},"end":{"line":58,"column":3}},"25":{"start":{"line":51,"column":13},"end":{"line":51,"column":14}},"26":{"start":{"line":52,"column":4},"end":{"line":56,"column":5}},"27":{"start":{"line":53,"column":6},"end":{"line":53,"column":32}},"28":{"start":{"line":55,"column":6},"end":{"line":55,"column":49}},"29":{"start":{"line":59,"column":2},"end":{"line":59,"column":22}},"30":{"start":{"line":62,"column":0},"end":{"line":64,"column":1}},"31":{"start":{"line":63,"column":2},"end":{"line":63,"column":33}},"32":{"start":{"line":66,"column":0},"end":{"line":66,"column":92}},"33":{"start":{"line":67,"column":0},"end":{"line":67,"column":72}},"34":{"start":{"line":70,"column":17},"end":{"line":70,"column":27}},"35":{"start":{"line":71,"column":18},"end":{"line":71,"column":35}},"36":{"start":{"line":72,"column":15},"end":{"line":72,"column":17}},"37":{"start":{"line":73,"column":2},"end":{"line":79,"column":3}},"38":{"start":{"line":73,"column":13},"end":{"line":73,"column":14}},"39":{"start":{"line":74,"column":4},"end":{"line":78,"column":5}},"40":{"start":{"line":75,"column":6},"end":{"line":75,"column":32}},"41":{"start":{"line":77,"column":6},"end":{"line":77,"column":26}},"42":{"start":{"line":80,"column":2},"end":{"line":80,"column":22}},"43":{"start":{"line":84,"column":0},"end":{"line":86,"column":1}},"44":{"start":{"line":85,"column":2},"end":{"line":85,"column":31}},"45":{"start":{"line":88,"column":0},"end":{"line":88,"column":54}},"46":{"start":{"line":89,"column":0},"end":{"line":89,"column":55}},"47":{"start":{"line":95,"column":17},"end":{"line":95,"column":27}},"48":{"start":{"line":96,"column":18},"end":{"line":96,"column":35}},"49":{"start":{"line":97,"column":2},"end":{"line":97,"column":26}},"50":{"start":{"line":100,"column":0},"end":{"line":102,"column":1}},"51":{"start":{"line":101,"column":2},"end":{"line":101,"column":24}},"52":{"start":{"line":104,"column":0},"end":{"line":104,"column":39}},"53":{"start":{"line":105,"column":0},"end":{"line":105,"column":40}},"54":{"start":{"line":109,"column":17},"end":{"line":109,"column":27}},"55":{"start":{"line":110,"column":18},"end":{"line":110,"column":35}},"56":{"start":{"line":111,"column":2},"end":{"line":111,"column":26}},"57":{"start":{"line":114,"column":0},"end":{"line":116,"column":1}},"58":{"start":{"line":115,"column":2},"end":{"line":115,"column":24}},"59":{"start":{"line":118,"column":0},"end":{"line":118,"column":41}},"60":{"start":{"line":119,"column":0},"end":{"line":119,"column":42}},"61":{"start":{"line":123,"column":17},"end":{"line":123,"column":27}},"62":{"start":{"line":124,"column":18},"end":{"line":124,"column":35}},"63":{"start":{"line":125,"column":15},"end":{"line":125,"column":17}},"64":{"start":{"line":126,"column":2},"end":{"line":132,"column":3}},"65":{"start":{"line":126,"column":13},"end":{"line":126,"column":14}},"66":{"start":{"line":127,"column":4},"end":{"line":131,"column":5}},"67":{"start":{"line":128,"column":6},"end":{"line":128,"column":40}},"68":{"start":{"line":130,"column":6},"end":{"line":130,"column":43}},"69":{"start":{"line":133,"column":2},"end":{"line":133,"column":15}},"70":{"start":{"line":136,"column":0},"end":{"line":138,"column":1}},"71":{"start":{"line":137,"column":2},"end":{"line":137,"column":24}},"72":{"start":{"line":140,"column":0},"end":{"line":140,"column":36}},"73":{"start":{"line":141,"column":0},"end":{"line":141,"column":40}},"74":{"start":{"line":145,"column":15},"end":{"line":145,"column":49}},"75":{"start":{"line":146,"column":2},"end":{"line":146,"column":15}},"76":{"start":{"line":149,"column":0},"end":{"line":151,"column":1}},"77":{"start":{"line":150,"column":2},"end":{"line":150,"column":20}},"78":{"start":{"line":155,"column":0},"end":{"line":155,"column":36}},"79":{"start":{"line":156,"column":0},"end":{"line":156,"column":33}},"80":{"start":{"line":160,"column":17},"end":{"line":160,"column":44}},"81":{"start":{"line":161,"column":18},"end":{"line":161,"column":35}},"82":{"start":{"line":163,"column":2},"end":{"line":163,"column":31}},"83":{"start":{"line":166,"column":0},"end":{"line":168,"column":1}},"84":{"start":{"line":167,"column":2},"end":{"line":167,"column":26}},"85":{"start":{"line":170,"column":0},"end":{"line":170,"column":37}},"86":{"start":{"line":171,"column":0},"end":{"line":171,"column":38}},"87":{"start":{"line":174,"column":2},"end":{"line":180,"column":3}},"88":{"start":{"line":175,"column":4},"end":{"line":175,"column":16}},"89":{"start":{"line":176,"column":9},"end":{"line":180,"column":3}},"90":{"start":{"line":177,"column":4},"end":{"line":177,"column":16}},"91":{"start":{"line":178,"column":9},"end":{"line":180,"column":3}},"92":{"start":{"line":179,"column":4},"end":{"line":179,"column":16}},"93":{"start":{"line":181,"column":2},"end":{"line":181,"column":13}},"94":{"start":{"line":184,"column":0},"end":{"line":186,"column":1}},"95":{"start":{"line":185,"column":2},"end":{"line":185,"column":22}},"96":{"start":{"line":188,"column":0},"end":{"line":188,"column":24}},"97":{"start":{"line":189,"column":0},"end":{"line":189,"column":26}},"98":{"start":{"line":190,"column":0},"end":{"line":190,"column":26}},"99":{"start":{"line":191,"column":0},"end":{"line":191,"column":26}},"100":{"start":{"line":192,"column":0},"end":{"line":192,"column":33}},"101":{"start":{"line":193,"column":0},"end":{"line":193,"column":34}},"102":{"start":{"line":197,"column":0},"end":{"line":197,"column":48}},"103":{"start":{"line":198,"column":0},"end":{"line":198,"column":32}},"104":{"start":{"line":199,"column":0},"end":{"line":199,"column":48}},"105":{"start":{"line":200,"column":0},"end":{"line":200,"column":54}},"106":{"start":{"line":201,"column":0},"end":{"line":201,"column":50}},"107":{"start":{"line":202,"column":0},"end":{"line":202,"column":36}},"108":{"start":{"line":203,"column":0},"end":{"line":203,"column":36}},"109":{"start":{"line":204,"column":0},"end":{"line":204,"column":36}},"110":{"start":{"line":205,"column":0},"end":{"line":205,"column":28}},"111":{"start":{"line":206,"column":0},"end":{"line":206,"column":40}},"112":{"start":{"line":207,"column":0},"end":{"line":207,"column":32}}},"fnMap":{"0":{"name":"capitalizeFirst","decl":{"start":{"line":2,"column":9},"end":{"line":2,"column":24}},"loc":{"start":{"line":2,"column":30},"end":{"line":6,"column":1}},"line":2},"1":{"name":"(anonymous_1)","decl":{"start":{"line":8,"column":35},"end":{"line":8,"column":36}},"loc":{"start":{"line":8,"column":46},"end":{"line":10,"column":1}},"line":8},"2":{"name":"allCaps","decl":{"start":{"line":15,"column":9},"end":{"line":15,"column":16}},"loc":{"start":{"line":15,"column":22},"end":{"line":17,"column":1}},"line":15},"3":{"name":"(anonymous_3)","decl":{"start":{"line":19,"column":27},"end":{"line":19,"column":28}},"loc":{"start":{"line":19,"column":38},"end":{"line":21,"column":1}},"line":19},"4":{"name":"capitalizeWords","decl":{"start":{"line":27,"column":9},"end":{"line":27,"column":24}},"loc":{"start":{"line":27,"column":30},"end":{"line":34,"column":1}},"line":27},"5":{"name":"(anonymous_5)","decl":{"start":{"line":37,"column":35},"end":{"line":37,"column":36}},"loc":{"start":{"line":37,"column":46},"end":{"line":39,"column":1}},"line":37},"6":{"name":"capitalizeHeadLine","decl":{"start":{"line":46,"column":9},"end":{"line":46,"column":27}},"loc":{"start":{"line":46,"column":33},"end":{"line":60,"column":1}},"line":46},"7":{"name":"(anonymous_7)","decl":{"start":{"line":62,"column":38},"end":{"line":62,"column":39}},"loc":{"start":{"line":62,"column":49},"end":{"line":64,"column":1}},"line":62},"8":{"name":"removeExtraSpace","decl":{"start":{"line":69,"column":9},"end":{"line":69,"column":25}},"loc":{"start":{"line":69,"column":30},"end":{"line":82,"column":1}},"line":69},"9":{"name":"(anonymous_9)","decl":{"start":{"line":84,"column":36},"end":{"line":84,"column":37}},"loc":{"start":{"line":84,"column":47},"end":{"line":86,"column":1}},"line":84},"10":{"name":"kebobCase","decl":{"start":{"line":94,"column":9},"end":{"line":94,"column":18}},"loc":{"start":{"line":94,"column":24},"end":{"line":98,"column":1}},"line":94},"11":{"name":"(anonymous_11)","decl":{"start":{"line":100,"column":29},"end":{"line":100,"column":30}},"loc":{"start":{"line":100,"column":40},"end":{"line":102,"column":1}},"line":100},"12":{"name":"snakeCase","decl":{"start":{"line":108,"column":9},"end":{"line":108,"column":18}},"loc":{"start":{"line":108,"column":24},"end":{"line":112,"column":1}},"line":108},"13":{"name":"(anonymous_13)","decl":{"start":{"line":114,"column":29},"end":{"line":114,"column":30}},"loc":{"start":{"line":114,"column":40},"end":{"line":116,"column":1}},"line":114},"14":{"name":"camelCase","decl":{"start":{"line":122,"column":9},"end":{"line":122,"column":18}},"loc":{"start":{"line":122,"column":24},"end":{"line":134,"column":1}},"line":122},"15":{"name":"(anonymous_15)","decl":{"start":{"line":136,"column":29},"end":{"line":136,"column":30}},"loc":{"start":{"line":136,"column":40},"end":{"line":138,"column":1}},"line":136},"16":{"name":"shift","decl":{"start":{"line":144,"column":9},"end":{"line":144,"column":14}},"loc":{"start":{"line":144,"column":25},"end":{"line":147,"column":1}},"line":144},"17":{"name":"(anonymous_17)","decl":{"start":{"line":149,"column":25},"end":{"line":149,"column":26}},"loc":{"start":{"line":149,"column":36},"end":{"line":151,"column":1}},"line":149},"18":{"name":"makeHashTag","decl":{"start":{"line":159,"column":9},"end":{"line":159,"column":20}},"loc":{"start":{"line":159,"column":26},"end":{"line":164,"column":1}},"line":159},"19":{"name":"(anonymous_19)","decl":{"start":{"line":166,"column":31},"end":{"line":166,"column":32}},"loc":{"start":{"line":166,"column":42},"end":{"line":168,"column":1}},"line":166},"20":{"name":"isEmpty","decl":{"start":{"line":173,"column":9},"end":{"line":173,"column":16}},"loc":{"start":{"line":173,"column":22},"end":{"line":182,"column":1}},"line":173},"21":{"name":"(anonymous_21)","decl":{"start":{"line":184,"column":27},"end":{"line":184,"column":28}},"loc":{"start":{"line":184,"column":38},"end":{"line":186,"column":1}},"line":184}},"branchMap":{"0":{"loc":{"start":{"line":52,"column":4},"end":{"line":56,"column":5}},"type":"if","locations":[{"start":{"line":52,"column":4},"end":{"line":56,"column":5}},{"start":{"line":52,"column":4},"end":{"line":56,"column":5}}],"line":52},"1":{"loc":{"start":{"line":74,"column":4},"end":{"line":78,"column":5}},"type":"if","locations":[{"start":{"line":74,"column":4},"end":{"line":78,"column":5}},{"start":{"line":74,"column":4},"end":{"line":78,"column":5}}],"line":74},"2":{"loc":{"start":{"line":127,"column":4},"end":{"line":131,"column":5}},"type":"if","locations":[{"start":{"line":127,"column":4},"end":{"line":131,"column":5}},{"start":{"line":127,"column":4},"end":{"line":131,"column":5}}],"line":127},"3":{"loc":{"start":{"line":174,"column":2},"end":{"line":180,"column":3}},"type":"if","locations":[{"start":{"line":174,"column":2},"end":{"line":180,"column":3}},{"start":{"line":174,"column":2},"end":{"line":180,"column":3}}],"line":174},"4":{"loc":{"start":{"line":176,"column":9},"end":{"line":180,"column":3}},"type":"if","locations":[{"start":{"line":176,"column":9},"end":{"line":180,"column":3}},{"start":{"line":176,"column":9},"end":{"line":180,"column":3}}],"line":176},"5":{"loc":{"start":{"line":178,"column":9},"end":{"line":180,"column":3}},"type":"if","locations":[{"start":{"line":178,"column":9},"end":{"line":180,"column":3}},{"start":{"line":178,"column":9},"end":{"line":180,"column":3}}],"line":178}},"s":{"0":66,"1":66,"2":1,"3":1,"4":1,"5":1,"6":3,"7":1,"8":1,"9":1,"10":1,"11":6,"12":6,"13":6,"14":6,"15":30,"16":6,"17":1,"18":1,"19":1,"20":1,"21":3,"22":3,"23":3,"24":3,"25":3,"26":36,"27":8,"28":28,"29":3,"30":1,"31":1,"32":1,"33":1,"34":3,"35":3,"36":3,"37":3,"38":3,"39":15,"40":6,"41":9,"42":3,"43":1,"44":1,"45":1,"46":1,"47":3,"48":3,"49":3,"50":1,"51":1,"52":1,"53":1,"54":3,"55":3,"56":3,"57":1,"58":1,"59":1,"60":1,"61":3,"62":3,"63":3,"64":3,"65":3,"66":8,"67":3,"68":5,"69":3,"70":1,"71":1,"72":1,"73":1,"74":3,"75":3,"76":1,"77":1,"78":1,"79":1,"80":3,"81":3,"82":3,"83":1,"84":1,"85":1,"86":1,"87":7,"88":3,"89":4,"90":0,"91":4,"92":0,"93":4,"94":1,"95":1,"96":1,"97":1,"98":1,"99":1,"100":1,"101":1,"102":1,"103":1,"104":1,"105":1,"106":1,"107":1,"108":1,"109":1,"110":1,"111":1,"112":1},"f":{"0":66,"1":1,"2":3,"3":1,"4":6,"5":1,"6":3,"7":1,"8":3,"9":1,"10":3,"11":1,"12":3,"13":1,"14":3,"15":1,"16":3,"17":1,"18":3,"19":1,"20":7,"21":1},"b":{"0":[8,28],"1":[6,9],"2":[3,5],"3":[3,4],"4":[0,4],"5":[0,4]},"_coverageSchema":"1a1c01bbd47fc00a2c39e90264f33305004495a9","hash":"a81a212c3d06494fdb71acc9f636702a598fbcc3"}
}
