TN:
SF:src/index.js
FN:2,capitalizeFirst
FN:8,(anonymous_1)
FN:15,allCaps
FN:19,(anonymous_3)
FN:27,capitalizeWords
FN:37,(anonymous_5)
FN:46,capitalizeHeadLine
FN:62,(anonymous_7)
FN:69,removeExtraSpace
FN:84,(anonymous_9)
FN:94,kebobCase
FN:100,(anonymous_11)
FN:108,snakeCase
FN:114,(anonymous_13)
FN:122,camelCase
FN:136,(anonymous_15)
FN:144,shift
FN:149,(anonymous_17)
FN:159,makeHashTag
FN:166,(anonymous_19)
FN:173,isEmpty
FN:184,(anonymous_21)
FNF:22
FNH:22
FNDA:66,capitalizeFirst
FNDA:1,(anonymous_1)
FNDA:3,allCaps
FNDA:1,(anonymous_3)
FNDA:6,capitalizeWords
FNDA:1,(anonymous_5)
FNDA:3,capitalizeHeadLine
FNDA:1,(anonymous_7)
FNDA:3,removeExtraSpace
FNDA:1,(anonymous_9)
FNDA:3,kebobCase
FNDA:1,(anonymous_11)
FNDA:3,snakeCase
FNDA:1,(anonymous_13)
FNDA:3,camelCase
FNDA:1,(anonymous_15)
FNDA:3,shift
FNDA:1,(anonymous_17)
FNDA:3,makeHashTag
FNDA:1,(anonymous_19)
FNDA:7,isEmpty
FNDA:1,(anonymous_21)
DA:4,66
DA:5,66
DA:8,1
DA:9,1
DA:12,1
DA:13,1
DA:16,3
DA:19,1
DA:20,1
DA:23,1
DA:24,1
DA:28,6
DA:29,6
DA:30,6
DA:31,30
DA:33,6
DA:37,1
DA:38,1
DA:42,1
DA:43,1
DA:47,3
DA:48,3
DA:49,3
DA:51,3
DA:52,36
DA:53,8
DA:55,28
DA:59,3
DA:62,1
DA:63,1
DA:66,1
DA:67,1
DA:70,3
DA:71,3
DA:72,3
DA:73,3
DA:74,15
DA:75,6
DA:77,9
DA:80,3
DA:84,1
DA:85,1
DA:88,1
DA:89,1
DA:95,3
DA:96,3
DA:97,3
DA:100,1
DA:101,1
DA:104,1
DA:105,1
DA:109,3
DA:110,3
DA:111,3
DA:114,1
DA:115,1
DA:118,1
DA:119,1
DA:123,3
DA:124,3
DA:125,3
DA:126,3
DA:127,8
DA:128,3
DA:130,5
DA:133,3
DA:136,1
DA:137,1
DA:140,1
DA:141,1
DA:145,3
DA:146,3
DA:149,1
DA:150,1
DA:155,1
DA:156,1
DA:160,3
DA:161,3
DA:163,3
DA:166,1
DA:167,1
DA:170,1
DA:171,1
DA:174,7
DA:175,3
DA:176,4
DA:177,0
DA:178,4
DA:179,0
DA:181,4
DA:184,1
DA:185,1
DA:188,1
DA:189,1
DA:190,1
DA:191,1
DA:192,1
DA:193,1
DA:197,1
DA:198,1
DA:199,1
DA:200,1
DA:201,1
DA:202,1
DA:203,1
DA:204,1
DA:205,1
DA:206,1
DA:207,1
LF:109
LH:107
BRDA:52,0,0,8
BRDA:52,0,1,28
BRDA:74,1,0,6
BRDA:74,1,1,9
BRDA:127,2,0,3
BRDA:127,2,1,5
BRDA:174,3,0,3
BRDA:174,3,1,4
BRDA:176,4,0,0
BRDA:176,4,1,4
BRDA:178,5,0,0
BRDA:178,5,1,4
BRF:12
BRH:10
end_of_record
